C:\Program Files (x86)\Microsoft Visual Studio\2019\Enterprise\MSBuild\Microsoft\VC\v160\Microsoft.CppBuild.targets(513,5): warning MSB8028: The intermediate directory (Debug\) contains files shared from another project (game_demo.vcxproj).  This can lead to incorrect clean and rebuild behavior.
  BaseObject.cpp
C:\Users\NP.ANH\Downloads\ninja_game\game_demo\CommonFunction.h(49,2): warning C4091: 'typedef ': ignored on left of 'Input' when no variable is declared
C:\Users\NP.ANH\Downloads\ninja_game\game_demo\CommonFunction.h(62,2): warning C4091: 'typedef ': ignored on left of 'Map' when no variable is declared
  BulletObject.cpp
C:\Users\NP.ANH\Downloads\ninja_game\game_demo\CommonFunction.h(49,2): warning C4091: 'typedef ': ignored on left of 'Input' when no variable is declared
C:\Users\NP.ANH\Downloads\ninja_game\game_demo\CommonFunction.h(62,2): warning C4091: 'typedef ': ignored on left of 'Map' when no variable is declared
  CommonFunction.cpp
C:\Users\NP.ANH\Downloads\ninja_game\game_demo\CommonFunction.h(49,2): warning C4091: 'typedef ': ignored on left of 'Input' when no variable is declared
C:\Users\NP.ANH\Downloads\ninja_game\game_demo\CommonFunction.h(62,2): warning C4091: 'typedef ': ignored on left of 'Map' when no variable is declared
  game_map.cpp
C:\Users\NP.ANH\Downloads\ninja_game\game_demo\CommonFunction.h(49,2): warning C4091: 'typedef ': ignored on left of 'Input' when no variable is declared
C:\Users\NP.ANH\Downloads\ninja_game\game_demo\CommonFunction.h(62,2): warning C4091: 'typedef ': ignored on left of 'Map' when no variable is declared
  ImpTimer.cpp
C:\Users\NP.ANH\Downloads\ninja_game\game_demo\ImpTimer.cpp(2,10): warning C4067: unexpected tokens following preprocessor directive - expected a newline
C:\Users\NP.ANH\Downloads\ninja_game\game_demo\ImpTimer.cpp(3,10): warning C4067: unexpected tokens following preprocessor directive - expected a newline
C:\Users\NP.ANH\Downloads\ninja_game\game_demo\CommonFunction.h(49,2): warning C4091: 'typedef ': ignored on left of 'Input' when no variable is declared
C:\Users\NP.ANH\Downloads\ninja_game\game_demo\CommonFunction.h(62,2): warning C4091: 'typedef ': ignored on left of 'Map' when no variable is declared
  main.cpp
C:\Users\NP.ANH\Downloads\ninja_game\game_demo\CommonFunction.h(49,2): warning C4091: 'typedef ': ignored on left of 'Input' when no variable is declared
C:\Users\NP.ANH\Downloads\ninja_game\game_demo\CommonFunction.h(62,2): warning C4091: 'typedef ': ignored on left of 'Map' when no variable is declared
  MainObject.cpp
C:\Users\NP.ANH\Downloads\ninja_game\game_demo\CommonFunction.h(49,2): warning C4091: 'typedef ': ignored on left of 'Input' when no variable is declared
C:\Users\NP.ANH\Downloads\ninja_game\game_demo\CommonFunction.h(62,2): warning C4091: 'typedef ': ignored on left of 'Map' when no variable is declared
C:\Users\NP.ANH\Downloads\ninja_game\game_demo\MainObject.cpp(136,20): warning C4244: '=': conversion from 'float' to 'int', possible loss of data
C:\Users\NP.ANH\Downloads\ninja_game\game_demo\MainObject.cpp(137,20): warning C4244: '=': conversion from 'float' to 'int', possible loss of data
C:\Users\NP.ANH\Downloads\ninja_game\game_demo\MainObject.cpp(221,66): warning C4244: 'argument': conversion from 'double' to 'const int', possible loss of data
C:\Users\NP.ANH\Downloads\ninja_game\game_demo\MainObject.cpp(225,66): warning C4244: 'argument': conversion from 'double' to 'const int', possible loss of data
C:\Users\NP.ANH\Downloads\ninja_game\game_demo\MainObject.cpp(240,20): warning C4018: '<': signed/unsigned mismatch
C:\Users\NP.ANH\Downloads\ninja_game\game_demo\MainObject.cpp(269,26): warning C4305: '+=': truncation from 'double' to 'float'
C:\Users\NP.ANH\Downloads\ninja_game\game_demo\MainObject.cpp(351,29): warning C4244: '=': conversion from 'float' to 'int', possible loss of data
C:\Users\NP.ANH\Downloads\ninja_game\game_demo\MainObject.cpp(362,29): warning C4244: '=': conversion from 'float' to 'int', possible loss of data
C:\Users\NP.ANH\Downloads\ninja_game\game_demo\MainObject.cpp(385,25): warning C4244: '=': conversion from 'float' to 'int', possible loss of data
C:\Users\NP.ANH\Downloads\ninja_game\game_demo\MainObject.cpp(386,44): warning C4244: '=': conversion from 'float' to 'int', possible loss of data
C:\Users\NP.ANH\Downloads\ninja_game\game_demo\MainObject.cpp(387,21): warning C4244: '=': conversion from 'float' to 'int', possible loss of data
C:\Users\NP.ANH\Downloads\ninja_game\game_demo\MainObject.cpp(388,33): warning C4244: '=': conversion from 'float' to 'int', possible loss of data
C:\Users\NP.ANH\Downloads\ninja_game\game_demo\MainObject.cpp(423,18): warning C4244: '=': conversion from 'int' to 'float', possible loss of data
C:\Users\NP.ANH\Downloads\ninja_game\game_demo\MainObject.cpp(455,24): warning C4244: '=': conversion from 'int' to 'float', possible loss of data
C:\Users\NP.ANH\Downloads\ninja_game\game_demo\MainObject.cpp(468,15): warning C4244: '=': conversion from 'float' to 'int', possible loss of data
C:\Users\NP.ANH\Downloads\ninja_game\game_demo\MainObject.cpp(469,32): warning C4244: '=': conversion from 'float' to 'int', possible loss of data
C:\Users\NP.ANH\Downloads\ninja_game\game_demo\MainObject.cpp(470,29): warning C4244: '=': conversion from 'float' to 'int', possible loss of data
C:\Users\NP.ANH\Downloads\ninja_game\game_demo\MainObject.cpp(471,45): warning C4244: '=': conversion from 'float' to 'int', possible loss of data
C:\Users\NP.ANH\Downloads\ninja_game\game_demo\MainObject.cpp(503,19): warning C4244: '=': conversion from 'int' to 'float', possible loss of data
C:\Users\NP.ANH\Downloads\ninja_game\game_demo\MainObject.cpp(537,25): warning C4244: '=': conversion from 'int' to 'float', possible loss of data
C:\Users\NP.ANH\Downloads\ninja_game\game_demo\MainObject.cpp(552,43): warning C4244: '=': conversion from 'int' to 'float', possible loss of data
  TextObject.cpp
C:\Users\NP.ANH\Downloads\ninja_game\game_demo\CommonFunction.h(49,2): warning C4091: 'typedef ': ignored on left of 'Input' when no variable is declared
C:\Users\NP.ANH\Downloads\ninja_game\game_demo\CommonFunction.h(62,2): warning C4091: 'typedef ': ignored on left of 'Map' when no variable is declared
  Generating Code...
C:\Users\NP.ANH\Downloads\ninja_game\game_demo\main.cpp(67): warning C4715: 'InitData': not all control paths return a value
  game_demo.vcxproj -> C:\Users\NP.ANH\Downloads\ninja_game\Debug\game_ninja.exe
